<?xml version="1.0" encoding="UTF-8"?>
<testng-results ignored="0" total="1" passed="1" failed="0" skipped="0">
  <reporter-output>
  </reporter-output>
  <suite started-at="2024-03-15T12:51:44 IST" name="Default suite" finished-at="2024-03-15T12:51:53 IST" duration-ms="8571">
    <groups>
    </groups>
    <test started-at="2024-03-15T12:51:44 IST" name="Default test" finished-at="2024-03-15T12:51:53 IST" duration-ms="8571">
      <class name="Basic.OrganizationTest">
        <test-method signature="createOrganizationTest()[pri:0, instance:Basic.OrganizationTest@346d61be]" started-at="2024-03-15T12:51:44 IST" name="createOrganizationTest" finished-at="2024-03-15T12:51:53 IST" duration-ms="8321" status="PASS">
          <reporter-output>
          </reporter-output>
        </test-method> <!-- createOrganizationTest -->
      </class> <!-- Basic.OrganizationTest -->
    </test> <!-- Default test -->
  </suite> <!-- Default suite -->
</testng-results>
